Arguments: 
  C:\Program Files\nodejs\node.exe C:\Users\lucap\AppData\Roaming\npm\node_modules\yarn\bin\yarn.js add express express-list-endpoints jsonwebtoken clouinary cors mongoose multer multer-storage-cloudinary passport passport-facebook

PATH: 
  C:\Users\lucap\bin;C:\Program Files\Git\mingw64\bin;C:\Program Files\Git\usr\local\bin;C:\Program Files\Git\usr\bin;C:\Program Files\Git\usr\bin;C:\Program Files\Git\mingw64\bin;C:\Program Files\Git\usr\bin;C:\Users\lucap\bin;C:\Windows\system32;C:\Windows;C:\Windows\System32\Wbem;C:\Windows\System32\WindowsPowerShell\v1.0;C:\Windows\System32\OpenSSH;C:\Program Files\nodejs;C:\Program Files\Git\cmd;C:\Users\lucap\AppData\Local\Microsoft\WindowsApps;C:\Users\lucap\AppData\Local\Programs\Microsoft VS Code\bin;C:\Users\lucap\AppData\Roaming\npm;C:\Program Files\Git\usr\bin\vendor_perl;C:\Program Files\Git\usr\bin\core_perl

Yarn version: 
  1.22.19

Node version: 
  18.12.1

Platform: 
  win32 x64

Trace: 
  Error: https://registry.yarnpkg.com/clouinary: Not found
      at params.callback [as _callback] (C:\Users\lucap\AppData\Roaming\npm\node_modules\yarn\lib\cli.js:66145:18)
      at self.callback (C:\Users\lucap\AppData\Roaming\npm\node_modules\yarn\lib\cli.js:140890:22)
      at Request.emit (node:events:513:28)
      at Request.<anonymous> (C:\Users\lucap\AppData\Roaming\npm\node_modules\yarn\lib\cli.js:141862:10)
      at Request.emit (node:events:513:28)
      at IncomingMessage.<anonymous> (C:\Users\lucap\AppData\Roaming\npm\node_modules\yarn\lib\cli.js:141784:12)
      at Object.onceWrapper (node:events:627:28)
      at IncomingMessage.emit (node:events:525:35)
      at endReadableNT (node:internal/streams/readable:1359:12)
      at process.processTicksAndRejections (node:internal/process/task_queues:82:21)

npm manifest: 
  {
    "name": "ai-blog",
    "version": "1.0.0",
    "description": "This project uses artificial intelligence to create posts for a blog. The backend of the project was developed using Node.js, Express.js, and MongoDB.",
    "main": "index.js",
    "scripts": {
      "test": "echo \"Error: no test specified\" && exit 1"
    },
    "repository": {
      "type": "git",
      "url": "git+https://github.com/lucaperullo/ai-blog.git"
    },
    "keywords": [],
    "author": "",
    "license": "ISC",
    "bugs": {
      "url": "https://github.com/lucaperullo/ai-blog/issues"
    },
    "homepage": "https://github.com/lucaperullo/ai-blog#readme"
  }

yarn manifest: 
  No manifest

Lockfile: 
  No lockfile
